{"D:\\myreddit\\redditBE\\test\\servertest.js":{"path":"D:\\myreddit\\redditBE\\test\\servertest.js","s":{"1":1,"2":1,"3":1,"4":1,"5":1,"6":1,"7":1,"8":1,"9":1,"10":0,"11":0,"12":0,"13":0,"14":0,"15":0,"16":0,"17":0,"18":0,"19":0,"20":0,"21":0,"22":0,"23":0,"24":0,"25":0,"26":0,"27":0,"28":0,"29":0,"30":0,"31":0,"32":0,"33":0,"34":0,"35":0,"36":0,"37":0,"38":0,"39":0,"40":0,"41":0,"42":0,"43":0,"44":0,"45":0,"46":0,"47":0,"48":0,"49":0,"50":0,"51":0,"52":0,"53":0,"54":0,"55":0,"56":0,"57":0,"58":0,"59":0,"60":0,"61":0,"62":0,"63":0,"64":0,"65":0,"66":0,"67":0,"68":0,"69":0,"70":0,"71":0,"72":0,"73":0,"74":0,"75":0,"76":0,"77":0,"78":0},"b":{},"f":{"1":0,"2":0,"3":0,"4":0,"5":0,"6":0,"7":0,"8":0,"9":0,"10":0,"11":0,"12":0,"13":0,"14":0,"15":0,"16":0,"17":0,"18":0,"19":0,"20":0,"21":0,"22":0},"fnMap":{"1":{"name":"(anonymous_1)","line":17,"loc":{"start":{"line":17,"column":43},"end":{"line":17,"column":54}}},"2":{"name":"(anonymous_2)","line":18,"loc":{"start":{"line":18,"column":40},"end":{"line":18,"column":55}}},"3":{"name":"(anonymous_3)","line":21,"loc":{"start":{"line":21,"column":15},"end":{"line":21,"column":33}}},"4":{"name":"(anonymous_4)","line":29,"loc":{"start":{"line":29,"column":69},"end":{"line":29,"column":84}}},"5":{"name":"(anonymous_5)","line":32,"loc":{"start":{"line":32,"column":13},"end":{"line":32,"column":31}}},"6":{"name":"(anonymous_6)","line":41,"loc":{"start":{"line":41,"column":52},"end":{"line":41,"column":66}}},"7":{"name":"(anonymous_7)","line":49,"loc":{"start":{"line":49,"column":19},"end":{"line":49,"column":37}}},"8":{"name":"(anonymous_8)","line":68,"loc":{"start":{"line":68,"column":50},"end":{"line":68,"column":64}}},"9":{"name":"(anonymous_9)","line":71,"loc":{"start":{"line":71,"column":13},"end":{"line":71,"column":31}}},"10":{"name":"(anonymous_10)","line":78,"loc":{"start":{"line":78,"column":35},"end":{"line":78,"column":49}}},"11":{"name":"(anonymous_11)","line":82,"loc":{"start":{"line":82,"column":9},"end":{"line":82,"column":27}}},"12":{"name":"(anonymous_12)","line":91,"loc":{"start":{"line":91,"column":53},"end":{"line":91,"column":63}}},"13":{"name":"(anonymous_13)","line":92,"loc":{"start":{"line":92,"column":49},"end":{"line":92,"column":63}}},"14":{"name":"(anonymous_14)","line":100,"loc":{"start":{"line":100,"column":7},"end":{"line":100,"column":24}}},"15":{"name":"(anonymous_15)","line":107,"loc":{"start":{"line":107,"column":56},"end":{"line":107,"column":70}}},"16":{"name":"(anonymous_16)","line":115,"loc":{"start":{"line":115,"column":7},"end":{"line":115,"column":24}}},"17":{"name":"(anonymous_17)","line":124,"loc":{"start":{"line":124,"column":36},"end":{"line":124,"column":50}}},"18":{"name":"(anonymous_18)","line":132,"loc":{"start":{"line":132,"column":7},"end":{"line":132,"column":24}}},"19":{"name":"(anonymous_19)","line":139,"loc":{"start":{"line":139,"column":42},"end":{"line":139,"column":56}}},"20":{"name":"(anonymous_20)","line":146,"loc":{"start":{"line":146,"column":9},"end":{"line":146,"column":26}}},"21":{"name":"(anonymous_21)","line":154,"loc":{"start":{"line":154,"column":46},"end":{"line":154,"column":60}}},"22":{"name":"(anonymous_22)","line":161,"loc":{"start":{"line":161,"column":9},"end":{"line":161,"column":26}}}},"statementMap":{"1":{"start":{"line":1,"column":0},"end":{"line":1,"column":27}},"2":{"start":{"line":2,"column":0},"end":{"line":2,"column":36}},"3":{"start":{"line":3,"column":0},"end":{"line":3,"column":35}},"4":{"start":{"line":4,"column":0},"end":{"line":4,"column":27}},"5":{"start":{"line":5,"column":0},"end":{"line":5,"column":33}},"6":{"start":{"line":6,"column":0},"end":{"line":6,"column":29}},"7":{"start":{"line":8,"column":0},"end":{"line":14,"column":3}},"8":{"start":{"line":16,"column":0},"end":{"line":16,"column":19}},"9":{"start":{"line":17,"column":0},"end":{"line":89,"column":3}},"10":{"start":{"line":18,"column":4},"end":{"line":28,"column":7}},"11":{"start":{"line":19,"column":8},"end":{"line":27,"column":13}},"12":{"start":{"line":22,"column":12},"end":{"line":22,"column":34}},"13":{"start":{"line":23,"column":12},"end":{"line":23,"column":40}},"14":{"start":{"line":24,"column":12},"end":{"line":24,"column":31}},"15":{"start":{"line":25,"column":12},"end":{"line":25,"column":42}},"16":{"start":{"line":26,"column":12},"end":{"line":26,"column":19}},"17":{"start":{"line":29,"column":4},"end":{"line":38,"column":5}},"18":{"start":{"line":30,"column":6},"end":{"line":37,"column":11}},"19":{"start":{"line":33,"column":10},"end":{"line":33,"column":32}},"20":{"start":{"line":34,"column":10},"end":{"line":34,"column":38}},"21":{"start":{"line":35,"column":10},"end":{"line":35,"column":29}},"22":{"start":{"line":36,"column":12},"end":{"line":36,"column":19}},"23":{"start":{"line":41,"column":5},"end":{"line":66,"column":8}},"24":{"start":{"line":42,"column":12},"end":{"line":65,"column":17}},"25":{"start":{"line":50,"column":16},"end":{"line":50,"column":38}},"26":{"start":{"line":51,"column":16},"end":{"line":51,"column":44}},"27":{"start":{"line":52,"column":16},"end":{"line":52,"column":35}},"28":{"start":{"line":53,"column":16},"end":{"line":53,"column":47}},"29":{"start":{"line":56,"column":16},"end":{"line":56,"column":52}},"30":{"start":{"line":57,"column":16},"end":{"line":57,"column":55}},"31":{"start":{"line":58,"column":17},"end":{"line":58,"column":55}},"32":{"start":{"line":59,"column":17},"end":{"line":59,"column":60}},"33":{"start":{"line":61,"column":17},"end":{"line":61,"column":55}},"34":{"start":{"line":62,"column":17},"end":{"line":62,"column":55}},"35":{"start":{"line":63,"column":16},"end":{"line":63,"column":57}},"36":{"start":{"line":64,"column":16},"end":{"line":64,"column":23}},"37":{"start":{"line":68,"column":5},"end":{"line":77,"column":3}},"38":{"start":{"line":69,"column":6},"end":{"line":76,"column":11}},"39":{"start":{"line":72,"column":10},"end":{"line":72,"column":38}},"40":{"start":{"line":73,"column":10},"end":{"line":73,"column":45}},"41":{"start":{"line":74,"column":10},"end":{"line":74,"column":45}},"42":{"start":{"line":75,"column":10},"end":{"line":75,"column":17}},"43":{"start":{"line":78,"column":0},"end":{"line":88,"column":3}},"44":{"start":{"line":79,"column":2},"end":{"line":87,"column":7}},"45":{"start":{"line":83,"column":6},"end":{"line":83,"column":34}},"46":{"start":{"line":84,"column":6},"end":{"line":84,"column":46}},"47":{"start":{"line":85,"column":6},"end":{"line":85,"column":44}},"48":{"start":{"line":86,"column":6},"end":{"line":86,"column":13}},"49":{"start":{"line":91,"column":0},"end":{"line":169,"column":3}},"50":{"start":{"line":92,"column":0},"end":{"line":106,"column":3}},"51":{"start":{"line":93,"column":2},"end":{"line":105,"column":5}},"52":{"start":{"line":101,"column":4},"end":{"line":101,"column":26}},"53":{"start":{"line":102,"column":4},"end":{"line":102,"column":45}},"54":{"start":{"line":103,"column":4},"end":{"line":103,"column":41}},"55":{"start":{"line":104,"column":4},"end":{"line":104,"column":11}},"56":{"start":{"line":107,"column":0},"end":{"line":122,"column":3}},"57":{"start":{"line":108,"column":2},"end":{"line":121,"column":5}},"58":{"start":{"line":116,"column":4},"end":{"line":116,"column":45}},"59":{"start":{"line":117,"column":4},"end":{"line":117,"column":41}},"60":{"start":{"line":118,"column":4},"end":{"line":118,"column":45}},"61":{"start":{"line":119,"column":4},"end":{"line":119,"column":66}},"62":{"start":{"line":120,"column":4},"end":{"line":120,"column":11}},"63":{"start":{"line":124,"column":0},"end":{"line":137,"column":3}},"64":{"start":{"line":125,"column":2},"end":{"line":136,"column":5}},"65":{"start":{"line":133,"column":4},"end":{"line":133,"column":45}},"66":{"start":{"line":134,"column":4},"end":{"line":134,"column":41}},"67":{"start":{"line":135,"column":4},"end":{"line":135,"column":11}},"68":{"start":{"line":139,"column":2},"end":{"line":153,"column":5}},"69":{"start":{"line":140,"column":4},"end":{"line":151,"column":7}},"70":{"start":{"line":147,"column":6},"end":{"line":147,"column":28}},"71":{"start":{"line":148,"column":6},"end":{"line":148,"column":47}},"72":{"start":{"line":149,"column":5},"end":{"line":149,"column":41}},"73":{"start":{"line":150,"column":5},"end":{"line":150,"column":12}},"74":{"start":{"line":154,"column":2},"end":{"line":167,"column":5}},"75":{"start":{"line":155,"column":4},"end":{"line":166,"column":7}},"76":{"start":{"line":163,"column":6},"end":{"line":163,"column":47}},"77":{"start":{"line":164,"column":5},"end":{"line":164,"column":42}},"78":{"start":{"line":165,"column":5},"end":{"line":165,"column":12}}},"branchMap":{}}}